<?xml version="1.0" encoding="UTF-8"?>
<!-- Generated by org.testng.reporters.JUnitReportReporter -->
<testsuite hostname="DESKTOP-0JON43M" failures="0" tests="1" name="Element_library.Loginpage" time="37.290" errors="0" timestamp="02 Dec 2022 05:30:30 GMT" skipped="0">
  <testcase classname="Element_library.Loginpage" name="loginpage" time="37.290"/>
</testsuite> <!-- Element_library.Loginpage -->
