<?xml version="1.0" encoding="UTF-8"?>
<!-- Generated by org.testng.reporters.JUnitReportReporter -->
<testsuite hostname="DESKTOP-0JON43M" failures="0" tests="2" name="Element_library.Selllogin" time="30.053" errors="0" timestamp="02 Dec 2022 05:52:53 GMT" skipped="0">
  <testcase classname="Element_library.Selllogin" name="selllogin" time="10.849"/>
  <testcase classname="Element_library.Selllogin" name="loginpage" time="19.204"/>
</testsuite> <!-- Element_library.Selllogin -->
